[0306/123929:ERROR:network_change_notifier_win.cc(111)] WSALookupServiceBegin failed with: 8
[0306/123934:WARNING:backend_impl.cc(1660)] Messed up entry found.
[0306/123934:WARNING:backend_impl.cc(1946)] Destroying invalid entry.
[0306/124008:WARNING:backend_impl.cc(1660)] Messed up entry found.
[0306/124008:WARNING:backend_impl.cc(1946)] Destroying invalid entry.
[0306/124049:INFO:CONSOLE(0)] "The page at about:blank displayed insecure content from launcher:javascriptReady.
," source: (1)
[0306/143801:WARNING:net_errors_win.cc(114)] Unknown error 64 mapped to net::ERR_FAILED
[0306/143801:WARNING:nss_ssl_util.cc(124)] MapErrorToNSS -2 mapped to PR_UNKNOWN_ERROR
[0306/171026:ERROR:network_change_notifier_win.cc(111)] WSALookupServiceBegin failed with: 8
[0307/121905:ERROR:network_change_notifier_win.cc(111)] WSALookupServiceBegin failed with: 8
[0307/121909:WARNING:backend_impl.cc(1660)] Messed up entry found.
[0307/121909:WARNING:backend_impl.cc(1946)] Destroying invalid entry.
[0307/121942:WARNING:backend_impl.cc(1660)] Messed up entry found.
[0307/121942:WARNING:backend_impl.cc(1946)] Destroying invalid entry.
[0307/122014:INFO:CONSOLE(0)] "The page at about:blank displayed insecure content from launcher:javascriptReady.
," source: (1)
[0307/210519:ERROR:network_change_notifier_win.cc(111)] WSALookupServiceBegin failed with: 8
[0307/210519:ERROR:network_change_notifier_win.cc(111)] WSALookupServiceBegin failed with: 8
[0307/210538:ERROR:network_change_notifier_win.cc(111)] WSALookupServiceBegin failed with: 8
[0307/210558:ERROR:network_change_notifier_win.cc(111)] WSALookupServiceBegin failed with: 8
[0307/210618:ERROR:network_change_notifier_win.cc(111)] WSALookupServiceBegin failed with: 8
[0307/210639:ERROR:network_change_notifier_win.cc(111)] WSALookupServiceBegin failed with: 8
[0307/210659:ERROR:network_change_notifier_win.cc(111)] WSALookupServiceBegin failed with: 8
[0307/210718:ERROR:network_change_notifier_win.cc(111)] WSALookupServiceBegin failed with: 8
[0307/210719:ERROR:network_change_notifier_win.cc(111)] WSALookupServiceBegin failed with: 8
[0307/210739:ERROR:network_change_notifier_win.cc(111)] WSALookupServiceBegin failed with: 8
[0307/210759:ERROR:network_change_notifier_win.cc(111)] WSALookupServiceBegin failed with: 8
[0307/210819:ERROR:network_change_notifier_win.cc(111)] WSALookupServiceBegin failed with: 8
[0307/210839:ERROR:network_change_notifier_win.cc(111)] WSALookupServiceBegin failed with: 8
[0307/210859:ERROR:network_change_notifier_win.cc(111)] WSALookupServiceBegin failed with: 8
[0307/210918:ERROR:network_change_notifier_win.cc(111)] WSALookupServiceBegin failed with: 8
[0307/210919:ERROR:network_change_notifier_win.cc(111)] WSALookupServiceBegin failed with: 8
[0307/210939:ERROR:network_change_notifier_win.cc(111)] WSALookupServiceBegin failed with: 8
[0307/210959:ERROR:network_change_notifier_win.cc(111)] WSALookupServiceBegin failed with: 8
[0307/211019:ERROR:network_change_notifier_win.cc(111)] WSALookupServiceBegin failed with: 8
[0307/211039:ERROR:network_change_notifier_win.cc(111)] WSALookupServiceBegin failed with: 8
[0307/211059:ERROR:network_change_notifier_win.cc(111)] WSALookupServiceBegin failed with: 8
[0307/211118:ERROR:network_change_notifier_win.cc(111)] WSALookupServiceBegin failed with: 8
[0307/211119:ERROR:network_change_notifier_win.cc(111)] WSALookupServiceBegin failed with: 8
[0307/211139:ERROR:network_change_notifier_win.cc(111)] WSALookupServiceBegin failed with: 8
[0307/211159:ERROR:network_change_notifier_win.cc(111)] WSALookupServiceBegin failed with: 8
[0307/211219:ERROR:network_change_notifier_win.cc(111)] WSALookupServiceBegin failed with: 8
[0307/211239:ERROR:network_change_notifier_win.cc(111)] WSALookupServiceBegin failed with: 8
[0307/211259:ERROR:network_change_notifier_win.cc(111)] WSALookupServiceBegin failed with: 8
[0307/211318:ERROR:network_change_notifier_win.cc(111)] WSALookupServiceBegin failed with: 8
[0307/211319:ERROR:network_change_notifier_win.cc(111)] WSALookupServiceBegin failed with: 8
[0307/211339:ERROR:network_change_notifier_win.cc(111)] WSALookupServiceBegin failed with: 8
[0307/211400:ERROR:network_change_notifier_win.cc(111)] WSALookupServiceBegin failed with: 8
[0307/211420:ERROR:network_change_notifier_win.cc(111)] WSALookupServiceBegin failed with: 8
[0307/211440:ERROR:network_change_notifier_win.cc(111)] WSALookupServiceBegin failed with: 8
[0307/211500:ERROR:network_change_notifier_win.cc(111)] WSALookupServiceBegin failed with: 8
[0307/211519:ERROR:network_change_notifier_win.cc(111)] WSALookupServiceBegin failed with: 8
[0307/211520:ERROR:network_change_notifier_win.cc(111)] WSALookupServiceBegin failed with: 8
[0307/211540:ERROR:network_change_notifier_win.cc(111)] WSALookupServiceBegin failed with: 8
[0307/211600:ERROR:network_change_notifier_win.cc(111)] WSALookupServiceBegin failed with: 8
[0307/211620:ERROR:network_change_notifier_win.cc(111)] WSALookupServiceBegin failed with: 8
[0307/211640:ERROR:network_change_notifier_win.cc(111)] WSALookupServiceBegin failed with: 8
